# JRE version: OpenJDK Runtime Environment (8.0_202) (build 1.8.0_202-release-1483-b49-5587405)
# Java VM: OpenJDK 64-Bit Server VM (25.202-b49-5587405 mixed mode linux-amd64 compressed oops)
Heap:
 PSYoungGen      total 421376K, used 11566K [0x00000000e0000000, 0x00000000fb300000, 0x0000000100000000)
  eden space 397312K, 0% used [0x00000000e0000000,0x00000000e0000000,0x00000000f8400000)
  from space 24064K, 48% used [0x00000000f8400000,0x00000000f8f4b838,0x00000000f9b80000)
  to   space 19456K, 0% used [0x00000000fa000000,0x00000000fa000000,0x00000000fb300000)
 ParOldGen       total 118272K, used 64151K [0x00000000a0000000, 0x00000000a7380000, 0x00000000e0000000)
  object space 118272K, 54% used [0x00000000a0000000,0x00000000a3ea5f20,0x00000000a7380000)
 Metaspace       used 84859K, capacity 88014K, committed 88448K, reserved 1126400K
  class space    used 10900K, capacity 11517K, committed 11648K, reserved 1048576K
GC Heap History (10 events):
Event: 95.800 GC heap after
Heap after GC invocations=30 (full 3):
 PSYoungGen      total 281600K, used 8813K [0x00000000e0000000, 0x00000000f6b00000, 0x0000000100000000)
  eden space 254976K, 0% used [0x00000000e0000000,0x00000000e0000000,0x00000000ef900000)
  from space 26624K, 33% used [0x00000000ef900000,0x00000000f019b658,0x00000000f1300000)
  to   space 25600K, 0% used [0x00000000f5200000,0x00000000f5200000,0x00000000f6b00000)
 ParOldGen       total 84480K, used 70702K [0x00000000a0000000, 0x00000000a5280000, 0x00000000e0000000)
  object space 84480K, 83% used [0x00000000a0000000,0x00000000a450b9d0,0x00000000a5280000)
 Metaspace       used 83127K, capacity 86060K, committed 86272K, reserved 1124352K
  class space    used 10822K, capacity 11420K, committed 11520K, reserved 1048576K
}
Event: 98.579 GC heap before
{Heap before GC invocations=31 (full 3):
 PSYoungGen      total 281600K, used 263789K [0x00000000e0000000, 0x00000000f6b00000, 0x0000000100000000)
  eden space 254976K, 100% used [0x00000000e0000000,0x00000000ef900000,0x00000000ef900000)
  from space 26624K, 33% used [0x00000000ef900000,0x00000000f019b658,0x00000000f1300000)
  to   space 25600K, 0% used [0x00000000f5200000,0x00000000f5200000,0x00000000f6b00000)
 ParOldGen       total 84480K, used 70702K [0x00000000a0000000, 0x00000000a5280000, 0x00000000e0000000)
  object space 84480K, 83% used [0x00000000a0000000,0x00000000a450b9d0,0x00000000a5280000)
 Metaspace       used 84066K, capacity 87242K, committed 87424K, reserved 1124352K
  class space    used 10913K, capacity 11527K, committed 11648K, reserved 1048576K
Event: 101.218 GC heap after
Heap after GC invocations=31 (full 3):
 PSYoungGen      total 347136K, used 5276K [0x00000000e0000000, 0x00000000f6e00000, 0x0000000100000000)
  eden space 321536K, 0% used [0x00000000e0000000,0x00000000e0000000,0x00000000f3a00000)
  from space 25600K, 20% used [0x00000000f5200000,0x00000000f5727078,0x00000000f6b00000)
  to   space 24576K, 0% used [0x00000000f3a00000,0x00000000f3a00000,0x00000000f5200000)
 ParOldGen       total 84480K, used 73996K [0x00000000a0000000, 0x00000000a5280000, 0x00000000e0000000)
  object space 84480K, 87% used [0x00000000a0000000,0x00000000a4843048,0x00000000a5280000)
 Metaspace       used 84066K, capacity 87242K, committed 87424K, reserved 1124352K
  class space    used 10913K, capacity 11527K, committed 11648K, reserved 1048576K
}
Event: 101.340 GC heap before
{Heap before GC invocations=32 (full 4):
 PSYoungGen      total 347136K, used 5276K [0x00000000e0000000, 0x00000000f6e00000, 0x0000000100000000)
  eden space 321536K, 0% used [0x00000000e0000000,0x00000000e0000000,0x00000000f3a00000)
  from space 25600K, 20% used [0x00000000f5200000,0x00000000f5727078,0x00000000f6b00000)
  to   space 24576K, 0% used [0x00000000f3a00000,0x00000000f3a00000,0x00000000f5200000)
 ParOldGen       total 84480K, used 73996K [0x00000000a0000000, 0x00000000a5280000, 0x00000000e0000000)
  object space 84480K, 87% used [0x00000000a0000000,0x00000000a4843048,0x00000000a5280000)
 Metaspace       used 84066K, capacity 87242K, committed 87424K, reserved 1124352K
  class space    used 10913K, capacity 11527K, committed 11648K, reserved 1048576K
Event: 106.691 GC heap after
Heap after GC invocations=32 (full 4):
 PSYoungGen      total 347136K, used 0K [0x00000000e0000000, 0x00000000f6e00000, 0x0000000100000000)
  eden space 321536K, 0% used [0x00000000e0000000,0x00000000e0000000,0x00000000f3a00000)
  from space 25600K, 0% used [0x00000000f5200000,0x00000000f5200000,0x00000000f6b00000)
  to   space 24576K, 0% used [0x00000000f3a00000,0x00000000f3a00000,0x00000000f5200000)
 ParOldGen       total 118272K, used 59085K [0x00000000a0000000, 0x00000000a7380000, 0x00000000e0000000)
  object space 118272K, 49% used [0x00000000a0000000,0x00000000a39b36d0,0x00000000a7380000)
 Metaspace       used 83977K, capacity 87006K, committed 87424K, reserved 1124352K
  class space    used 10885K, capacity 11477K, committed 11648K, reserved 1048576K
}
Event: 155.411 GC heap before
{Heap before GC invocations=33 (full 4):
 PSYoungGen      total 347136K, used 321536K [0x00000000e0000000, 0x00000000f6e00000, 0x0000000100000000)
  eden space 321536K, 100% used [0x00000000e0000000,0x00000000f3a00000,0x00000000f3a00000)
  from space 25600K, 0% used [0x00000000f5200000,0x00000000f5200000,0x00000000f6b00000)
  to   space 24576K, 0% used [0x00000000f3a00000,0x00000000f3a00000,0x00000000f5200000)
 ParOldGen       total 118272K, used 59085K [0x00000000a0000000, 0x00000000a7380000, 0x00000000e0000000)
  object space 118272K, 49% used [0x00000000a0000000,0x00000000a39b36d0,0x00000000a7380000)
 Metaspace       used 84321K, capacity 87430K, committed 87936K, reserved 1126400K
  class space    used 10894K, capacity 11515K, committed 11648K, reserved 1048576K
Event: 156.191 GC heap after
Heap after GC invocations=33 (full 4):
 PSYoungGen      total 346112K, used 4160K [0x00000000e0000000, 0x00000000fb780000, 0x0000000100000000)
  eden space 321536K, 0% used [0x00000000e0000000,0x00000000e0000000,0x00000000f3a00000)
  from space 24576K, 16% used [0x00000000f3a00000,0x00000000f3e10000,0x00000000f5200000)
  to   space 24064K, 0% used [0x00000000fa000000,0x00000000fa000000,0x00000000fb780000)
 ParOldGen       total 118272K, used 59093K [0x00000000a0000000, 0x00000000a7380000, 0x00000000e0000000)
  object space 118272K, 49% used [0x00000000a0000000,0x00000000a39b56d0,0x00000000a7380000)
 Metaspace       used 84321K, capacity 87430K, committed 87936K, reserved 1126400K
  class space    used 10894K, capacity 11515K, committed 11648K, reserved 1048576K
}
Event: 179.337 GC heap before
{Heap before GC invocations=34 (full 4):
 PSYoungGen      total 346112K, used 325696K [0x00000000e0000000, 0x00000000fb780000, 0x0000000100000000)
  eden space 321536K, 100% used [0x00000000e0000000,0x00000000f3a00000,0x00000000f3a00000)
  from space 24576K, 16% used [0x00000000f3a00000,0x00000000f3e10000,0x00000000f5200000)
  to   space 24064K, 0% used [0x00000000fa000000,0x00000000fa000000,0x00000000fb780000)
 ParOldGen       total 118272K, used 59093K [0x00000000a0000000, 0x00000000a7380000, 0x00000000e0000000)
  object space 118272K, 49% used [0x00000000a0000000,0x00000000a39b56d0,0x00000000a7380000)
 Metaspace       used 84765K, capacity 87858K, committed 88192K, reserved 1126400K
  class space    used 10900K, capacity 11517K, committed 11648K, reserved 1048576K
Event: 179.354 GC heap after
Heap after GC invocations=34 (full 4):
 PSYoungGen      total 416768K, used 2603K [0x00000000e0000000, 0x00000000fb300000, 0x0000000100000000)
  eden space 397312K, 0% used [0x00000000e0000000,0x00000000e0000000,0x00000000f8400000)
  from space 19456K, 13% used [0x00000000fa000000,0x00000000fa28ae80,0x00000000fb300000)
  to   space 24064K, 0% used [0x00000000f8400000,0x00000000f8400000,0x00000000f9b80000)
 ParOldGen       total 118272K, used 62341K [0x00000000a0000000, 0x00000000a7380000, 0x00000000e0000000)
  object space 118272K, 52% used [0x00000000a0000000,0x00000000a3ce1708,0x00000000a7380000)
 Metaspace       used 84765K, capacity 87858K, committed 88192K, reserved 1126400K
  class space    used 10900K, capacity 11517K, committed 11648K, reserved 1048576K
}
Event: 182.820 GC heap before
{Heap before GC invocations=35 (full 4):
 PSYoungGen      total 416768K, used 399915K [0x00000000e0000000, 0x00000000fb300000, 0x0000000100000000)
  eden space 397312K, 100% used [0x00000000e0000000,0x00000000f8400000,0x00000000f8400000)
  from space 19456K, 13% used [0x00000000fa000000,0x00000000fa28ae80,0x00000000fb300000)
  to   space 24064K, 0% used [0x00000000f8400000,0x00000000f8400000,0x00000000f9b80000)
 ParOldGen       total 118272K, used 62341K [0x00000000a0000000, 0x00000000a7380000, 0x00000000e0000000)
  object space 118272K, 52% used [0x00000000a0000000,0x00000000a3ce1708,0x00000000a7380000)
 Metaspace       used 84859K, capacity 88014K, committed 88448K, reserved 1126400K
  class space    used 10900K, capacity 11517K, committed 11648K, reserved 1048576K

